ERC report (2026-05-27T20:08:50+0530, Encoding UTF8)

***** Sheet /
[power_pin_not_driven]: Input Power pin not driven by any Output Power pins
    ; error
    @(1950 mils, 1350 mils): Symbol #PWR01 Pin 1 [Power input, Line]
[pin_not_connected]: Pin not connected
    ; error
    @(1800 mils, 2450 mils): Symbol J1 Pin A8 [SBU1, Bidirectional, Line]
[pin_not_connected]: Pin not connected
    ; error
    @(1800 mils, 2550 mils): Symbol J1 Pin B8 [SBU2, Bidirectional, Line]
[power_pin_not_driven]: Input Power pin not driven by any Output Power pins
    ; error
    @(1050 mils, 3000 mils): Symbol #PWR02 Pin 1 [Power input, Line]
[pin_not_connected]: Pin not connected
    ; error
    @(3150 mils, 1250 mils): Symbol U1 Pin 1 [PGOOD, Open collector, Line]
[pin_not_connected]: Pin not connected
    ; error
    @(2700 mils, 5450 mils): Symbol U3 Pin 27 [IO0, Bidirectional, Line]
[pin_not_connected]: Pin not connected
    ; error
    @(2700 mils, 5550 mils): Symbol U3 Pin 39 [IO1, Bidirectional, Line]
[pin_not_connected]: Pin not connected
    ; error
    @(2700 mils, 5650 mils): Symbol U3 Pin 38 [IO2, Bidirectional, Line]
[pin_not_connected]: Pin not connected
    ; error
    @(2700 mils, 5750 mils): Symbol U3 Pin 15 [IO3, Bidirectional, Line]
[label_dangling]: Label not connected to anything
    ; error
    @(2700 mils, 5850 mils): Label 'KNOB_A'
[label_dangling]: Label not connected to anything
    ; error
    @(2700 mils, 5950 mils): Label 'KNOB_B'
[pin_not_connected]: Pin not connected
    ; error
    @(3900 mils, 5250 mils): Symbol U3 Pin 37 [TXD0, Bidirectional, Line]
[pin_not_connected]: Pin not connected
    ; error
    @(3900 mils, 5350 mils): Symbol U3 Pin 36 [RXD0, Bidirectional, Line]
[label_dangling]: Label not connected to anything
    ; error
    @(2700 mils, 6050 mils): Label 'KNOB_SW'
[label_dangling]: Label not connected to anything
    ; error
    @(3900 mils, 5450 mils): Label 'BUTTON_NEXT'
[label_dangling]: Label not connected to anything
    ; error
    @(2700 mils, 6150 mils): Label 'TOGGLE_MODE'
[pin_not_connected]: Pin not connected
    ; error
    @(3900 mils, 5550 mils): Symbol U3 Pin 11 [IO18, Bidirectional, Line]
[power_pin_not_driven]: Input Power pin not driven by any Output Power pins
    ; error
    @(9200 mils, 1950 mils): Symbol U5 Pin 4 [V-, Power input, Line]
[label_dangling]: Label not connected to anything
    ; error
    @(2700 mils, 6250 mils): Label 'TFT_RST'
[label_dangling]: Label not connected to anything
    ; error
    @(2700 mils, 6350 mils): Label 'TFT_DC'
[label_dangling]: Label not connected to anything
    ; error
    @(2700 mils, 6450 mils): Label 'TFT_CS'
[label_dangling]: Label not connected to anything
    ; error
    @(2700 mils, 6550 mils): Label 'TFT_MOSI'
[label_dangling]: Label not connected to anything
    ; error
    @(2700 mils, 6650 mils): Label 'TFT_SCLK'
[pin_not_connected]: Pin not connected
    ; error
    @(2700 mils, 6750 mils): Symbol U3 Pin 21 [IO13, Bidirectional, Line]
[pin_not_connected]: Pin not connected
    ; error
    @(3900 mils, 6150 mils): Symbol U3 Pin 30 [IO37, Bidirectional, Line]
[pin_not_connected]: Pin not connected
    ; error
    @(2700 mils, 6850 mils): Symbol U3 Pin 22 [IO14, Bidirectional, Line]
[pin_not_connected]: Pin not connected
    ; error
    @(3900 mils, 6250 mils): Symbol U3 Pin 31 [IO38, Bidirectional, Line]
[pin_not_connected]: Pin not connected
    ; error
    @(3900 mils, 6350 mils): Symbol U3 Pin 32 [IO39, Bidirectional, Line]
[label_dangling]: Label not connected to anything
    ; error
    @(2700 mils, 6950 mils): Label 'BUTTON_PREV'
[pin_not_connected]: Pin not connected
    ; error
    @(3900 mils, 6450 mils): Symbol U3 Pin 33 [IO40, Bidirectional, Line]
[label_dangling]: Label not connected to anything
    ; error
    @(2700 mils, 7050 mils): Label 'BUTTON_PLAY'
[pin_not_connected]: Pin not connected
    ; error
    @(3900 mils, 6550 mils): Symbol U3 Pin 34 [IO41, Bidirectional, Line]
[pin_not_connected]: Pin not connected
    ; error
    @(3900 mils, 6650 mils): Symbol U3 Pin 35 [IO42, Bidirectional, Line]
[pin_not_connected]: Pin not connected
    ; error
    @(3900 mils, 6750 mils): Symbol U3 Pin 26 [IO45, Bidirectional, Line]
[pin_not_connected]: Pin not connected
    ; error
    @(3900 mils, 6850 mils): Symbol U3 Pin 16 [IO46, Bidirectional, Line]
[pin_not_connected]: Pin not connected
    ; error
    @(6850 mils, 4050 mils): Symbol U4 Pin 8 [AVDD, Power input, Line]
[power_pin_not_driven]: Input Power pin not driven by any Output Power pins
    ; error
    @(6850 mils, 4050 mils): Symbol U4 Pin 8 [AVDD, Power input, Line]
[pin_not_connected]: Pin not connected
    ; error
    @(3900 mils, 6950 mils): Symbol U3 Pin 24 [IO47, Bidirectional, Line]
[pin_not_connected]: Pin not connected
    ; error
    @(3900 mils, 7050 mils): Symbol U3 Pin 25 [IO48, Bidirectional, Line]

 ** ERC messages: 39  Errors 39  Warnings 0
